2013-08-29 15:00:54,357 - video_logger - ERROR - (OperationalError) (1054, "Unknown column 'video_posts.source_name' in 'field list'") 'SELECT count(*) AS count_1 \nFROM (SELECT video_posts.id AS video_posts_id, video_posts.url AS video_posts_url, video_posts.video_user_screen_name AS video_posts_video_user_screen_name, video_posts.source_name AS video_posts_source_name, video_posts.keyword_id AS video_posts_keyword_id, video_posts.info_source_id AS video_posts_info_source_id, video_posts.title AS video_posts_title, video_posts.created_at AS video_posts_created_at, video_posts.watch_count AS video_posts_watch_count, video_posts.comment_count AS video_posts_comment_count, video_posts.up_count AS video_posts_up_count, video_posts.down_count AS video_posts_down_count, video_posts.repost_count AS video_posts_repost_count \nFROM video_posts \nWHERE video_posts.info_source_id = %s) AS anon_1' (3,)
Traceback (most recent call last):
  File "video_crawl_youku.py", line 190, in main
    search_for_youku_video_posts()
  File "video_crawl_youku.py", line 15, in search_for_youku_video_posts
    previous_real_count = session.query(VideoPost).filter(VideoPost.info_source_id==YOUKU_INFO_SOURCE_ID).count()
  File "/usr/local/lib/python2.7/dist-packages/SQLAlchemy-0.8.2-py2.7.egg/sqlalchemy/orm/query.py", line 2531, in count
    return self.from_self(col).scalar()
  File "/usr/local/lib/python2.7/dist-packages/SQLAlchemy-0.8.2-py2.7.egg/sqlalchemy/orm/query.py", line 2337, in scalar
    ret = self.one()
  File "/usr/local/lib/python2.7/dist-packages/SQLAlchemy-0.8.2-py2.7.egg/sqlalchemy/orm/query.py", line 2306, in one
    ret = list(self)
  File "/usr/local/lib/python2.7/dist-packages/SQLAlchemy-0.8.2-py2.7.egg/sqlalchemy/orm/query.py", line 2349, in __iter__
    return self._execute_and_instances(context)
  File "/usr/local/lib/python2.7/dist-packages/SQLAlchemy-0.8.2-py2.7.egg/sqlalchemy/orm/query.py", line 2364, in _execute_and_instances
    result = conn.execute(querycontext.statement, self._params)
  File "/usr/local/lib/python2.7/dist-packages/SQLAlchemy-0.8.2-py2.7.egg/sqlalchemy/engine/base.py", line 662, in execute
    params)
  File "/usr/local/lib/python2.7/dist-packages/SQLAlchemy-0.8.2-py2.7.egg/sqlalchemy/engine/base.py", line 761, in _execute_clauseelement
    compiled_sql, distilled_params
  File "/usr/local/lib/python2.7/dist-packages/SQLAlchemy-0.8.2-py2.7.egg/sqlalchemy/engine/base.py", line 874, in _execute_context
    context)
  File "/usr/local/lib/python2.7/dist-packages/SQLAlchemy-0.8.2-py2.7.egg/sqlalchemy/engine/base.py", line 1024, in _handle_dbapi_exception
    exc_info
  File "/usr/local/lib/python2.7/dist-packages/SQLAlchemy-0.8.2-py2.7.egg/sqlalchemy/util/compat.py", line 195, in raise_from_cause
    reraise(type(exception), exception, tb=exc_tb)
  File "/usr/local/lib/python2.7/dist-packages/SQLAlchemy-0.8.2-py2.7.egg/sqlalchemy/engine/base.py", line 867, in _execute_context
    context)
  File "/usr/local/lib/python2.7/dist-packages/SQLAlchemy-0.8.2-py2.7.egg/sqlalchemy/engine/default.py", line 324, in do_execute
    cursor.execute(statement, parameters)
  File "build/bdist.linux-x86_64/egg/MySQLdb/cursors.py", line 201, in execute
    self.errorhandler(self, exc, value)
  File "build/bdist.linux-x86_64/egg/MySQLdb/connections.py", line 36, in defaulterrorhandler
    raise errorclass, errorvalue
OperationalError: (OperationalError) (1054, "Unknown column 'video_posts.source_name' in 'field list'") 'SELECT count(*) AS count_1 \nFROM (SELECT video_posts.id AS video_posts_id, video_posts.url AS video_posts_url, video_posts.video_user_screen_name AS video_posts_video_user_screen_name, video_posts.source_name AS video_posts_source_name, video_posts.keyword_id AS video_posts_keyword_id, video_posts.info_source_id AS video_posts_info_source_id, video_posts.title AS video_posts_title, video_posts.created_at AS video_posts_created_at, video_posts.watch_count AS video_posts_watch_count, video_posts.comment_count AS video_posts_comment_count, video_posts.up_count AS video_posts_up_count, video_posts.down_count AS video_posts_down_count, video_posts.repost_count AS video_posts_repost_count \nFROM video_posts \nWHERE video_posts.info_source_id = %s) AS anon_1' (3,)
2013-08-29 15:01:48,020 - video_logger - ERROR - (OperationalError) (1054, "Unknown column 'video_posts.source_name' in 'field list'") 'SELECT count(*) AS count_1 \nFROM (SELECT video_posts.id AS video_posts_id, video_posts.url AS video_posts_url, video_posts.video_user_screen_name AS video_posts_video_user_screen_name, video_posts.source_name AS video_posts_source_name, video_posts.keyword_id AS video_posts_keyword_id, video_posts.info_source_id AS video_posts_info_source_id, video_posts.title AS video_posts_title, video_posts.created_at AS video_posts_created_at, video_posts.watch_count AS video_posts_watch_count, video_posts.comment_count AS video_posts_comment_count, video_posts.up_count AS video_posts_up_count, video_posts.down_count AS video_posts_down_count, video_posts.repost_count AS video_posts_repost_count \nFROM video_posts \nWHERE video_posts.info_source_id = %s) AS anon_1' (3,)
Traceback (most recent call last):
  File "video_crawl_youku.py", line 190, in main
    search_for_youku_video_posts()
  File "video_crawl_youku.py", line 15, in search_for_youku_video_posts
    previous_real_count = session.query(VideoPost).filter(VideoPost.info_source_id==YOUKU_INFO_SOURCE_ID).count()
  File "/usr/local/lib/python2.7/dist-packages/SQLAlchemy-0.8.2-py2.7.egg/sqlalchemy/orm/query.py", line 2531, in count
    return self.from_self(col).scalar()
  File "/usr/local/lib/python2.7/dist-packages/SQLAlchemy-0.8.2-py2.7.egg/sqlalchemy/orm/query.py", line 2337, in scalar
    ret = self.one()
  File "/usr/local/lib/python2.7/dist-packages/SQLAlchemy-0.8.2-py2.7.egg/sqlalchemy/orm/query.py", line 2306, in one
    ret = list(self)
  File "/usr/local/lib/python2.7/dist-packages/SQLAlchemy-0.8.2-py2.7.egg/sqlalchemy/orm/query.py", line 2349, in __iter__
    return self._execute_and_instances(context)
  File "/usr/local/lib/python2.7/dist-packages/SQLAlchemy-0.8.2-py2.7.egg/sqlalchemy/orm/query.py", line 2364, in _execute_and_instances
    result = conn.execute(querycontext.statement, self._params)
  File "/usr/local/lib/python2.7/dist-packages/SQLAlchemy-0.8.2-py2.7.egg/sqlalchemy/engine/base.py", line 662, in execute
    params)
  File "/usr/local/lib/python2.7/dist-packages/SQLAlchemy-0.8.2-py2.7.egg/sqlalchemy/engine/base.py", line 761, in _execute_clauseelement
    compiled_sql, distilled_params
  File "/usr/local/lib/python2.7/dist-packages/SQLAlchemy-0.8.2-py2.7.egg/sqlalchemy/engine/base.py", line 874, in _execute_context
    context)
  File "/usr/local/lib/python2.7/dist-packages/SQLAlchemy-0.8.2-py2.7.egg/sqlalchemy/engine/base.py", line 1024, in _handle_dbapi_exception
    exc_info
  File "/usr/local/lib/python2.7/dist-packages/SQLAlchemy-0.8.2-py2.7.egg/sqlalchemy/util/compat.py", line 195, in raise_from_cause
    reraise(type(exception), exception, tb=exc_tb)
  File "/usr/local/lib/python2.7/dist-packages/SQLAlchemy-0.8.2-py2.7.egg/sqlalchemy/engine/base.py", line 867, in _execute_context
    context)
  File "/usr/local/lib/python2.7/dist-packages/SQLAlchemy-0.8.2-py2.7.egg/sqlalchemy/engine/default.py", line 324, in do_execute
    cursor.execute(statement, parameters)
  File "build/bdist.linux-x86_64/egg/MySQLdb/cursors.py", line 201, in execute
    self.errorhandler(self, exc, value)
  File "build/bdist.linux-x86_64/egg/MySQLdb/connections.py", line 36, in defaulterrorhandler
    raise errorclass, errorvalue
OperationalError: (OperationalError) (1054, "Unknown column 'video_posts.source_name' in 'field list'") 'SELECT count(*) AS count_1 \nFROM (SELECT video_posts.id AS video_posts_id, video_posts.url AS video_posts_url, video_posts.video_user_screen_name AS video_posts_video_user_screen_name, video_posts.source_name AS video_posts_source_name, video_posts.keyword_id AS video_posts_keyword_id, video_posts.info_source_id AS video_posts_info_source_id, video_posts.title AS video_posts_title, video_posts.created_at AS video_posts_created_at, video_posts.watch_count AS video_posts_watch_count, video_posts.comment_count AS video_posts_comment_count, video_posts.up_count AS video_posts_up_count, video_posts.down_count AS video_posts_down_count, video_posts.repost_count AS video_posts_repost_count \nFROM video_posts \nWHERE video_posts.info_source_id = %s) AS anon_1' (3,)
